Start testing: Nov 05 23:56 RTZ 2 (çèìà)
----------------------------------------------------------
1/21 Testing: Test.LoadFileSuccess
1/21 Test: Test.LoadFileSuccess
Command: "C:/Lobovikov/Programming/labs/fundalg/second_pack/lab6/build/tests.exe" "--gtest_filter=Test.LoadFileSuccess" "--gtest_also_run_disabled_tests"
Directory: C:/Lobovikov/Programming/labs/fundalg/second_pack/lab6/build
"Test.LoadFileSuccess" start time: Nov 05 23:56 RTZ 2 (çèìà)
Output:
----------------------------------------------------------
Running main() from C:\Lobovikov\Programming\labs\fundalg\second_pack\lab6\build\_deps\googletest-src\googletest\src\gtest_main.cc
Note: Google Test filter = Test.LoadFileSuccess
[==========] Running 1 test from 1 test suite.
[----------] Global test environment set-up.
[----------] 1 test from Test
[ RUN      ] Test.LoadFileSuccess
[       OK ] Test.LoadFileSuccess (0 ms)
[----------] 1 test from Test (0 ms total)

[----------] Global test environment tear-down
[==========] 1 test from 1 test suite ran. (0 ms total)
[  PASSED  ] 1 test.
<end of output>
Test time =   0.01 sec
----------------------------------------------------------
Test Passed.
"Test.LoadFileSuccess" end time: Nov 05 23:56 RTZ 2 (çèìà)
"Test.LoadFileSuccess" time elapsed: 00:00:00
----------------------------------------------------------

2/21 Testing: Test.nonexistentFile
2/21 Test: Test.nonexistentFile
Command: "C:/Lobovikov/Programming/labs/fundalg/second_pack/lab6/build/tests.exe" "--gtest_filter=Test.nonexistentFile" "--gtest_also_run_disabled_tests"
Directory: C:/Lobovikov/Programming/labs/fundalg/second_pack/lab6/build
"Test.nonexistentFile" start time: Nov 05 23:56 RTZ 2 (çèìà)
Output:
----------------------------------------------------------
Running main() from C:\Lobovikov\Programming\labs\fundalg\second_pack\lab6\build\_deps\googletest-src\googletest\src\gtest_main.cc
Note: Google Test filter = Test.nonexistentFile
[==========] Running 1 test from 1 test suite.
[----------] Global test environment set-up.
[----------] 1 test from Test
[ RUN      ] Test.nonexistentFile
[       OK ] Test.nonexistentFile (0 ms)
[----------] 1 test from Test (0 ms total)

[----------] Global test environment tear-down
[==========] 1 test from 1 test suite ran. (0 ms total)
[  PASSED  ] 1 test.
<end of output>
Test time =   0.01 sec
----------------------------------------------------------
Test Passed.
"Test.nonexistentFile" end time: Nov 05 23:56 RTZ 2 (çèìà)
"Test.nonexistentFile" time elapsed: 00:00:00
----------------------------------------------------------

3/21 Testing: Test.ValidateName
3/21 Test: Test.ValidateName
Command: "C:/Lobovikov/Programming/labs/fundalg/second_pack/lab6/build/tests.exe" "--gtest_filter=Test.ValidateName" "--gtest_also_run_disabled_tests"
Directory: C:/Lobovikov/Programming/labs/fundalg/second_pack/lab6/build
"Test.ValidateName" start time: Nov 05 23:56 RTZ 2 (çèìà)
Output:
----------------------------------------------------------
Running main() from C:\Lobovikov\Programming\labs\fundalg\second_pack\lab6\build\_deps\googletest-src\googletest\src\gtest_main.cc
Note: Google Test filter = Test.ValidateName
[==========] Running 1 test from 1 test suite.
[----------] Global test environment set-up.
[----------] 1 test from Test
[ RUN      ] Test.ValidateName
[       OK ] Test.ValidateName (0 ms)
[----------] 1 test from Test (0 ms total)

[----------] Global test environment tear-down
[==========] 1 test from 1 test suite ran. (0 ms total)
[  PASSED  ] 1 test.
<end of output>
Test time =   0.01 sec
----------------------------------------------------------
Test Passed.
"Test.ValidateName" end time: Nov 05 23:56 RTZ 2 (çèìà)
"Test.ValidateName" time elapsed: 00:00:00
----------------------------------------------------------

4/21 Testing: Test.ValidateGroup
4/21 Test: Test.ValidateGroup
Command: "C:/Lobovikov/Programming/labs/fundalg/second_pack/lab6/build/tests.exe" "--gtest_filter=Test.ValidateGroup" "--gtest_also_run_disabled_tests"
Directory: C:/Lobovikov/Programming/labs/fundalg/second_pack/lab6/build
"Test.ValidateGroup" start time: Nov 05 23:56 RTZ 2 (çèìà)
Output:
----------------------------------------------------------
Running main() from C:\Lobovikov\Programming\labs\fundalg\second_pack\lab6\build\_deps\googletest-src\googletest\src\gtest_main.cc
Note: Google Test filter = Test.ValidateGroup
[==========] Running 1 test from 1 test suite.
[----------] Global test environment set-up.
[----------] 1 test from Test
[ RUN      ] Test.ValidateGroup
[       OK ] Test.ValidateGroup (0 ms)
[----------] 1 test from Test (0 ms total)

[----------] Global test environment tear-down
[==========] 1 test from 1 test suite ran. (0 ms total)
[  PASSED  ] 1 test.
<end of output>
Test time =   0.01 sec
----------------------------------------------------------
Test Passed.
"Test.ValidateGroup" end time: Nov 05 23:56 RTZ 2 (çèìà)
"Test.ValidateGroup" time elapsed: 00:00:00
----------------------------------------------------------

5/21 Testing: Test.Average
5/21 Test: Test.Average
Command: "C:/Lobovikov/Programming/labs/fundalg/second_pack/lab6/build/tests.exe" "--gtest_filter=Test.Average" "--gtest_also_run_disabled_tests"
Directory: C:/Lobovikov/Programming/labs/fundalg/second_pack/lab6/build
"Test.Average" start time: Nov 05 23:56 RTZ 2 (çèìà)
Output:
----------------------------------------------------------
Running main() from C:\Lobovikov\Programming\labs\fundalg\second_pack\lab6\build\_deps\googletest-src\googletest\src\gtest_main.cc
Note: Google Test filter = Test.Average
[==========] Running 1 test from 1 test suite.
[----------] Global test environment set-up.
[----------] 1 test from Test
[ RUN      ] Test.Average
[       OK ] Test.Average (0 ms)
[----------] 1 test from Test (0 ms total)

[----------] Global test environment tear-down
[==========] 1 test from 1 test suite ran. (0 ms total)
[  PASSED  ] 1 test.
<end of output>
Test time =   0.01 sec
----------------------------------------------------------
Test Passed.
"Test.Average" end time: Nov 05 23:56 RTZ 2 (çèìà)
"Test.Average" time elapsed: 00:00:00
----------------------------------------------------------

6/21 Testing: Test.FindByIdSuccess
6/21 Test: Test.FindByIdSuccess
Command: "C:/Lobovikov/Programming/labs/fundalg/second_pack/lab6/build/tests.exe" "--gtest_filter=Test.FindByIdSuccess" "--gtest_also_run_disabled_tests"
Directory: C:/Lobovikov/Programming/labs/fundalg/second_pack/lab6/build
"Test.FindByIdSuccess" start time: Nov 05 23:56 RTZ 2 (çèìà)
Output:
----------------------------------------------------------
Running main() from C:\Lobovikov\Programming\labs\fundalg\second_pack\lab6\build\_deps\googletest-src\googletest\src\gtest_main.cc
Note: Google Test filter = Test.FindByIdSuccess
[==========] Running 1 test from 1 test suite.
[----------] Global test environment set-up.
[----------] 1 test from Test
[ RUN      ] Test.FindByIdSuccess
[       OK ] Test.FindByIdSuccess (0 ms)
[----------] 1 test from Test (0 ms total)

[----------] Global test environment tear-down
[==========] 1 test from 1 test suite ran. (0 ms total)
[  PASSED  ] 1 test.
<end of output>
Test time =   0.01 sec
----------------------------------------------------------
Test Passed.
"Test.FindByIdSuccess" end time: Nov 05 23:56 RTZ 2 (çèìà)
"Test.FindByIdSuccess" time elapsed: 00:00:00
----------------------------------------------------------

7/21 Testing: Test.FindByIdNotFound
7/21 Test: Test.FindByIdNotFound
Command: "C:/Lobovikov/Programming/labs/fundalg/second_pack/lab6/build/tests.exe" "--gtest_filter=Test.FindByIdNotFound" "--gtest_also_run_disabled_tests"
Directory: C:/Lobovikov/Programming/labs/fundalg/second_pack/lab6/build
"Test.FindByIdNotFound" start time: Nov 05 23:56 RTZ 2 (çèìà)
Output:
----------------------------------------------------------
Running main() from C:\Lobovikov\Programming\labs\fundalg\second_pack\lab6\build\_deps\googletest-src\googletest\src\gtest_main.cc
Note: Google Test filter = Test.FindByIdNotFound
[==========] Running 1 test from 1 test suite.
[----------] Global test environment set-up.
[----------] 1 test from Test
[ RUN      ] Test.FindByIdNotFound
[       OK ] Test.FindByIdNotFound (0 ms)
[----------] 1 test from Test (0 ms total)

[----------] Global test environment tear-down
[==========] 1 test from 1 test suite ran. (0 ms total)
[  PASSED  ] 1 test.
<end of output>
Test time =   0.01 sec
----------------------------------------------------------
Test Passed.
"Test.FindByIdNotFound" end time: Nov 05 23:56 RTZ 2 (çèìà)
"Test.FindByIdNotFound" time elapsed: 00:00:00
----------------------------------------------------------

8/21 Testing: Test.FindByLastNameSuccess
8/21 Test: Test.FindByLastNameSuccess
Command: "C:/Lobovikov/Programming/labs/fundalg/second_pack/lab6/build/tests.exe" "--gtest_filter=Test.FindByLastNameSuccess" "--gtest_also_run_disabled_tests"
Directory: C:/Lobovikov/Programming/labs/fundalg/second_pack/lab6/build
"Test.FindByLastNameSuccess" start time: Nov 05 23:56 RTZ 2 (çèìà)
Output:
----------------------------------------------------------
Running main() from C:\Lobovikov\Programming\labs\fundalg\second_pack\lab6\build\_deps\googletest-src\googletest\src\gtest_main.cc
Note: Google Test filter = Test.FindByLastNameSuccess
[==========] Running 1 test from 1 test suite.
[----------] Global test environment set-up.
[----------] 1 test from Test
[ RUN      ] Test.FindByLastNameSuccess
[       OK ] Test.FindByLastNameSuccess (0 ms)
[----------] 1 test from Test (0 ms total)

[----------] Global test environment tear-down
[==========] 1 test from 1 test suite ran. (0 ms total)
[  PASSED  ] 1 test.
<end of output>
Test time =   0.01 sec
----------------------------------------------------------
Test Passed.
"Test.FindByLastNameSuccess" end time: Nov 05 23:56 RTZ 2 (çèìà)
"Test.FindByLastNameSuccess" time elapsed: 00:00:00
----------------------------------------------------------

9/21 Testing: Test.FindByLastNotFound
9/21 Test: Test.FindByLastNotFound
Command: "C:/Lobovikov/Programming/labs/fundalg/second_pack/lab6/build/tests.exe" "--gtest_filter=Test.FindByLastNotFound" "--gtest_also_run_disabled_tests"
Directory: C:/Lobovikov/Programming/labs/fundalg/second_pack/lab6/build
"Test.FindByLastNotFound" start time: Nov 05 23:56 RTZ 2 (çèìà)
Output:
----------------------------------------------------------
Running main() from C:\Lobovikov\Programming\labs\fundalg\second_pack\lab6\build\_deps\googletest-src\googletest\src\gtest_main.cc
Note: Google Test filter = Test.FindByLastNotFound
[==========] Running 1 test from 1 test suite.
[----------] Global test environment set-up.
[----------] 1 test from Test
[ RUN      ] Test.FindByLastNotFound
[       OK ] Test.FindByLastNotFound (0 ms)
[----------] 1 test from Test (0 ms total)

[----------] Global test environment tear-down
[==========] 1 test from 1 test suite ran. (0 ms total)
[  PASSED  ] 1 test.
<end of output>
Test time =   0.01 sec
----------------------------------------------------------
Test Passed.
"Test.FindByLastNotFound" end time: Nov 05 23:56 RTZ 2 (çèìà)
"Test.FindByLastNotFound" time elapsed: 00:00:00
----------------------------------------------------------

10/21 Testing: Test.FindByFirstNameSuccess
10/21 Test: Test.FindByFirstNameSuccess
Command: "C:/Lobovikov/Programming/labs/fundalg/second_pack/lab6/build/tests.exe" "--gtest_filter=Test.FindByFirstNameSuccess" "--gtest_also_run_disabled_tests"
Directory: C:/Lobovikov/Programming/labs/fundalg/second_pack/lab6/build
"Test.FindByFirstNameSuccess" start time: Nov 05 23:56 RTZ 2 (çèìà)
Output:
----------------------------------------------------------
Running main() from C:\Lobovikov\Programming\labs\fundalg\second_pack\lab6\build\_deps\googletest-src\googletest\src\gtest_main.cc
Note: Google Test filter = Test.FindByFirstNameSuccess
[==========] Running 1 test from 1 test suite.
[----------] Global test environment set-up.
[----------] 1 test from Test
[ RUN      ] Test.FindByFirstNameSuccess
[       OK ] Test.FindByFirstNameSuccess (0 ms)
[----------] 1 test from Test (0 ms total)

[----------] Global test environment tear-down
[==========] 1 test from 1 test suite ran. (0 ms total)
[  PASSED  ] 1 test.
<end of output>
Test time =   0.01 sec
----------------------------------------------------------
Test Passed.
"Test.FindByFirstNameSuccess" end time: Nov 05 23:56 RTZ 2 (çèìà)
"Test.FindByFirstNameSuccess" time elapsed: 00:00:00
----------------------------------------------------------

11/21 Testing: Test.FindByFirstNameNotFound
11/21 Test: Test.FindByFirstNameNotFound
Command: "C:/Lobovikov/Programming/labs/fundalg/second_pack/lab6/build/tests.exe" "--gtest_filter=Test.FindByFirstNameNotFound" "--gtest_also_run_disabled_tests"
Directory: C:/Lobovikov/Programming/labs/fundalg/second_pack/lab6/build
"Test.FindByFirstNameNotFound" start time: Nov 05 23:56 RTZ 2 (çèìà)
Output:
----------------------------------------------------------
Running main() from C:\Lobovikov\Programming\labs\fundalg\second_pack\lab6\build\_deps\googletest-src\googletest\src\gtest_main.cc
Note: Google Test filter = Test.FindByFirstNameNotFound
[==========] Running 1 test from 1 test suite.
[----------] Global test environment set-up.
[----------] 1 test from Test
[ RUN      ] Test.FindByFirstNameNotFound
[       OK ] Test.FindByFirstNameNotFound (0 ms)
[----------] 1 test from Test (0 ms total)

[----------] Global test environment tear-down
[==========] 1 test from 1 test suite ran. (0 ms total)
[  PASSED  ] 1 test.
<end of output>
Test time =   0.01 sec
----------------------------------------------------------
Test Passed.
"Test.FindByFirstNameNotFound" end time: Nov 05 23:56 RTZ 2 (çèìà)
"Test.FindByFirstNameNotFound" time elapsed: 00:00:00
----------------------------------------------------------

12/21 Testing: Test.FindByGroupSuccess
12/21 Test: Test.FindByGroupSuccess
Command: "C:/Lobovikov/Programming/labs/fundalg/second_pack/lab6/build/tests.exe" "--gtest_filter=Test.FindByGroupSuccess" "--gtest_also_run_disabled_tests"
Directory: C:/Lobovikov/Programming/labs/fundalg/second_pack/lab6/build
"Test.FindByGroupSuccess" start time: Nov 05 23:56 RTZ 2 (çèìà)
Output:
----------------------------------------------------------
Running main() from C:\Lobovikov\Programming\labs\fundalg\second_pack\lab6\build\_deps\googletest-src\googletest\src\gtest_main.cc
Note: Google Test filter = Test.FindByGroupSuccess
[==========] Running 1 test from 1 test suite.
[----------] Global test environment set-up.
[----------] 1 test from Test
[ RUN      ] Test.FindByGroupSuccess
[       OK ] Test.FindByGroupSuccess (0 ms)
[----------] 1 test from Test (0 ms total)

[----------] Global test environment tear-down
[==========] 1 test from 1 test suite ran. (0 ms total)
[  PASSED  ] 1 test.
<end of output>
Test time =   0.01 sec
----------------------------------------------------------
Test Passed.
"Test.FindByGroupSuccess" end time: Nov 05 23:56 RTZ 2 (çèìà)
"Test.FindByGroupSuccess" time elapsed: 00:00:00
----------------------------------------------------------

13/21 Testing: Test.FindByGroupNotFound
13/21 Test: Test.FindByGroupNotFound
Command: "C:/Lobovikov/Programming/labs/fundalg/second_pack/lab6/build/tests.exe" "--gtest_filter=Test.FindByGroupNotFound" "--gtest_also_run_disabled_tests"
Directory: C:/Lobovikov/Programming/labs/fundalg/second_pack/lab6/build
"Test.FindByGroupNotFound" start time: Nov 05 23:56 RTZ 2 (çèìà)
Output:
----------------------------------------------------------
Running main() from C:\Lobovikov\Programming\labs\fundalg\second_pack\lab6\build\_deps\googletest-src\googletest\src\gtest_main.cc
Note: Google Test filter = Test.FindByGroupNotFound
[==========] Running 1 test from 1 test suite.
[----------] Global test environment set-up.
[----------] 1 test from Test
[ RUN      ] Test.FindByGroupNotFound
[       OK ] Test.FindByGroupNotFound (0 ms)
[----------] 1 test from Test (0 ms total)

[----------] Global test environment tear-down
[==========] 1 test from 1 test suite ran. (0 ms total)
[  PASSED  ] 1 test.
<end of output>
Test time =   0.01 sec
----------------------------------------------------------
Test Passed.
"Test.FindByGroupNotFound" end time: Nov 05 23:56 RTZ 2 (çèìà)
"Test.FindByGroupNotFound" time elapsed: 00:00:00
----------------------------------------------------------

14/21 Testing: Test.SortById
14/21 Test: Test.SortById
Command: "C:/Lobovikov/Programming/labs/fundalg/second_pack/lab6/build/tests.exe" "--gtest_filter=Test.SortById" "--gtest_also_run_disabled_tests"
Directory: C:/Lobovikov/Programming/labs/fundalg/second_pack/lab6/build
"Test.SortById" start time: Nov 05 23:56 RTZ 2 (çèìà)
Output:
----------------------------------------------------------
Running main() from C:\Lobovikov\Programming\labs\fundalg\second_pack\lab6\build\_deps\googletest-src\googletest\src\gtest_main.cc
Note: Google Test filter = Test.SortById
[==========] Running 1 test from 1 test suite.
[----------] Global test environment set-up.
[----------] 1 test from Test
[ RUN      ] Test.SortById
[       OK ] Test.SortById (0 ms)
[----------] 1 test from Test (0 ms total)

[----------] Global test environment tear-down
[==========] 1 test from 1 test suite ran. (0 ms total)
[  PASSED  ] 1 test.
<end of output>
Test time =   0.01 sec
----------------------------------------------------------
Test Passed.
"Test.SortById" end time: Nov 05 23:56 RTZ 2 (çèìà)
"Test.SortById" time elapsed: 00:00:00
----------------------------------------------------------

15/21 Testing: Test.SortByLastName
15/21 Test: Test.SortByLastName
Command: "C:/Lobovikov/Programming/labs/fundalg/second_pack/lab6/build/tests.exe" "--gtest_filter=Test.SortByLastName" "--gtest_also_run_disabled_tests"
Directory: C:/Lobovikov/Programming/labs/fundalg/second_pack/lab6/build
"Test.SortByLastName" start time: Nov 05 23:56 RTZ 2 (çèìà)
Output:
----------------------------------------------------------
Running main() from C:\Lobovikov\Programming\labs\fundalg\second_pack\lab6\build\_deps\googletest-src\googletest\src\gtest_main.cc
Note: Google Test filter = Test.SortByLastName
[==========] Running 1 test from 1 test suite.
[----------] Global test environment set-up.
[----------] 1 test from Test
[ RUN      ] Test.SortByLastName
[       OK ] Test.SortByLastName (0 ms)
[----------] 1 test from Test (0 ms total)

[----------] Global test environment tear-down
[==========] 1 test from 1 test suite ran. (0 ms total)
[  PASSED  ] 1 test.
<end of output>
Test time =   0.01 sec
----------------------------------------------------------
Test Passed.
"Test.SortByLastName" end time: Nov 05 23:56 RTZ 2 (çèìà)
"Test.SortByLastName" time elapsed: 00:00:00
----------------------------------------------------------

16/21 Testing: Test.SaveStudentById
16/21 Test: Test.SaveStudentById
Command: "C:/Lobovikov/Programming/labs/fundalg/second_pack/lab6/build/tests.exe" "--gtest_filter=Test.SaveStudentById" "--gtest_also_run_disabled_tests"
Directory: C:/Lobovikov/Programming/labs/fundalg/second_pack/lab6/build
"Test.SaveStudentById" start time: Nov 05 23:56 RTZ 2 (çèìà)
Output:
----------------------------------------------------------
Running main() from C:\Lobovikov\Programming\labs\fundalg\second_pack\lab6\build\_deps\googletest-src\googletest\src\gtest_main.cc
Note: Google Test filter = Test.SaveStudentById
[==========] Running 1 test from 1 test suite.
[----------] Global test environment set-up.
[----------] 1 test from Test
[ RUN      ] Test.SaveStudentById
[       OK ] Test.SaveStudentById (2 ms)
[----------] 1 test from Test (2 ms total)

[----------] Global test environment tear-down
[==========] 1 test from 1 test suite ran. (2 ms total)
[  PASSED  ] 1 test.
<end of output>
Test time =   0.01 sec
----------------------------------------------------------
Test Passed.
"Test.SaveStudentById" end time: Nov 05 23:56 RTZ 2 (çèìà)
"Test.SaveStudentById" time elapsed: 00:00:00
----------------------------------------------------------

17/21 Testing: Test.SaveTopStudents
17/21 Test: Test.SaveTopStudents
Command: "C:/Lobovikov/Programming/labs/fundalg/second_pack/lab6/build/tests.exe" "--gtest_filter=Test.SaveTopStudents" "--gtest_also_run_disabled_tests"
Directory: C:/Lobovikov/Programming/labs/fundalg/second_pack/lab6/build
"Test.SaveTopStudents" start time: Nov 05 23:56 RTZ 2 (çèìà)
Output:
----------------------------------------------------------
Running main() from C:\Lobovikov\Programming\labs\fundalg\second_pack\lab6\build\_deps\googletest-src\googletest\src\gtest_main.cc
Note: Google Test filter = Test.SaveTopStudents
[==========] Running 1 test from 1 test suite.
[----------] Global test environment set-up.
[----------] 1 test from Test
[ RUN      ] Test.SaveTopStudents
[       OK ] Test.SaveTopStudents (1 ms)
[----------] 1 test from Test (2 ms total)

[----------] Global test environment tear-down
[==========] 1 test from 1 test suite ran. (2 ms total)
[  PASSED  ] 1 test.
<end of output>
Test time =   0.01 sec
----------------------------------------------------------
Test Passed.
"Test.SaveTopStudents" end time: Nov 05 23:56 RTZ 2 (çèìà)
"Test.SaveTopStudents" time elapsed: 00:00:00
----------------------------------------------------------

18/21 Testing: Test.NullPointer
18/21 Test: Test.NullPointer
Command: "C:/Lobovikov/Programming/labs/fundalg/second_pack/lab6/build/tests.exe" "--gtest_filter=Test.NullPointer" "--gtest_also_run_disabled_tests"
Directory: C:/Lobovikov/Programming/labs/fundalg/second_pack/lab6/build
"Test.NullPointer" start time: Nov 05 23:56 RTZ 2 (çèìà)
Output:
----------------------------------------------------------
Running main() from C:\Lobovikov\Programming\labs\fundalg\second_pack\lab6\build\_deps\googletest-src\googletest\src\gtest_main.cc
Note: Google Test filter = Test.NullPointer
[==========] Running 1 test from 1 test suite.
[----------] Global test environment set-up.
[----------] 1 test from Test
[ RUN      ] Test.NullPointer
[       OK ] Test.NullPointer (0 ms)
[----------] 1 test from Test (0 ms total)

[----------] Global test environment tear-down
[==========] 1 test from 1 test suite ran. (0 ms total)
[  PASSED  ] 1 test.
<end of output>
Test time =   0.01 sec
----------------------------------------------------------
Test Passed.
"Test.NullPointer" end time: Nov 05 23:56 RTZ 2 (çèìà)
"Test.NullPointer" time elapsed: 00:00:00
----------------------------------------------------------

19/21 Testing: Test.InvalidInput
19/21 Test: Test.InvalidInput
Command: "C:/Lobovikov/Programming/labs/fundalg/second_pack/lab6/build/tests.exe" "--gtest_filter=Test.InvalidInput" "--gtest_also_run_disabled_tests"
Directory: C:/Lobovikov/Programming/labs/fundalg/second_pack/lab6/build
"Test.InvalidInput" start time: Nov 05 23:56 RTZ 2 (çèìà)
Output:
----------------------------------------------------------
Running main() from C:\Lobovikov\Programming\labs\fundalg\second_pack\lab6\build\_deps\googletest-src\googletest\src\gtest_main.cc
Note: Google Test filter = Test.InvalidInput
[==========] Running 1 test from 1 test suite.
[----------] Global test environment set-up.
[----------] 1 test from Test
[ RUN      ] Test.InvalidInput
[       OK ] Test.InvalidInput (0 ms)
[----------] 1 test from Test (0 ms total)

[----------] Global test environment tear-down
[==========] 1 test from 1 test suite ran. (0 ms total)
[  PASSED  ] 1 test.
<end of output>
Test time =   0.01 sec
----------------------------------------------------------
Test Passed.
"Test.InvalidInput" end time: Nov 05 23:56 RTZ 2 (çèìà)
"Test.InvalidInput" time elapsed: 00:00:00
----------------------------------------------------------

20/21 Testing: Test.CompareFunctions
20/21 Test: Test.CompareFunctions
Command: "C:/Lobovikov/Programming/labs/fundalg/second_pack/lab6/build/tests.exe" "--gtest_filter=Test.CompareFunctions" "--gtest_also_run_disabled_tests"
Directory: C:/Lobovikov/Programming/labs/fundalg/second_pack/lab6/build
"Test.CompareFunctions" start time: Nov 05 23:56 RTZ 2 (çèìà)
Output:
----------------------------------------------------------
Running main() from C:\Lobovikov\Programming\labs\fundalg\second_pack\lab6\build\_deps\googletest-src\googletest\src\gtest_main.cc
Note: Google Test filter = Test.CompareFunctions
[==========] Running 1 test from 1 test suite.
[----------] Global test environment set-up.
[----------] 1 test from Test
[ RUN      ] Test.CompareFunctions
[       OK ] Test.CompareFunctions (0 ms)
[----------] 1 test from Test (0 ms total)

[----------] Global test environment tear-down
[==========] 1 test from 1 test suite ran. (0 ms total)
[  PASSED  ] 1 test.
<end of output>
Test time =   0.01 sec
----------------------------------------------------------
Test Passed.
"Test.CompareFunctions" end time: Nov 05 23:56 RTZ 2 (çèìà)
"Test.CompareFunctions" time elapsed: 00:00:00
----------------------------------------------------------

21/21 Testing: Test.DuplicateId
21/21 Test: Test.DuplicateId
Command: "C:/Lobovikov/Programming/labs/fundalg/second_pack/lab6/build/tests.exe" "--gtest_filter=Test.DuplicateId" "--gtest_also_run_disabled_tests"
Directory: C:/Lobovikov/Programming/labs/fundalg/second_pack/lab6/build
"Test.DuplicateId" start time: Nov 05 23:56 RTZ 2 (çèìà)
Output:
----------------------------------------------------------
Running main() from C:\Lobovikov\Programming\labs\fundalg\second_pack\lab6\build\_deps\googletest-src\googletest\src\gtest_main.cc
Note: Google Test filter = Test.DuplicateId
[==========] Running 1 test from 1 test suite.
[----------] Global test environment set-up.
[----------] 1 test from Test
[ RUN      ] Test.DuplicateId
[       OK ] Test.DuplicateId (0 ms)
[----------] 1 test from Test (0 ms total)

[----------] Global test environment tear-down
[==========] 1 test from 1 test suite ran. (0 ms total)
[  PASSED  ] 1 test.
<end of output>
Test time =   0.01 sec
----------------------------------------------------------
Test Passed.
"Test.DuplicateId" end time: Nov 05 23:56 RTZ 2 (çèìà)
"Test.DuplicateId" time elapsed: 00:00:00
----------------------------------------------------------

End testing: Nov 05 23:56 RTZ 2 (çèìà)
